# JRE version: OpenJDK Runtime Environment (23.0.2+7) (build 23.0.2+7-58)
# Java VM: OpenJDK 64-Bit Server VM (23.0.2+7-58, mixed mode, sharing, tiered, compressed oops, compressed class ptrs, g1 gc, linux-amd64)
Heap:
 garbage-first heap   total reserved 8204288K, committed 1482752K, used 760444K [0x000000060b400000, 0x0000000800000000)
  region size 4096K, 45 young (184320K), 1 survivors (4096K)
 Metaspace       used 8297K, committed 8512K, reserved 1114112K
  class space    used 1056K, committed 1152K, reserved 1048576K
GC Heap History (20 events):
Event: 3,231 GC heap before
{Heap before GC invocations=48 (full 0):
 garbage-first heap   total reserved 8204288K, committed 782336K, used 493893K [0x000000060b400000, 0x0000000800000000)
  region size 4096K, 13 young (53248K), 1 survivors (4096K)
 Metaspace       used 8169K, committed 8384K, reserved 1114112K
  class space    used 1056K, committed 1152K, reserved 1048576K
}
Event: 3,232 GC heap after
{Heap after GC invocations=49 (full 0):
 garbage-first heap   total reserved 8204288K, committed 782336K, used 448850K [0x000000060b400000, 0x0000000800000000)
  region size 4096K, 1 young (4096K), 1 survivors (4096K)
 Metaspace       used 8169K, committed 8384K, reserved 1114112K
  class space    used 1056K, committed 1152K, reserved 1048576K
}
Event: 3,257 GC heap before
{Heap before GC invocations=50 (full 0):
 garbage-first heap   total reserved 8204288K, committed 782336K, used 498002K [0x000000060b400000, 0x0000000800000000)
  region size 4096K, 13 young (53248K), 1 survivors (4096K)
 Metaspace       used 8172K, committed 8384K, reserved 1114112K
  class space    used 1056K, committed 1152K, reserved 1048576K
}
Event: 3,258 GC heap after
{Heap after GC invocations=51 (full 0):
 garbage-first heap   total reserved 8204288K, committed 782336K, used 452963K [0x000000060b400000, 0x0000000800000000)
  region size 4096K, 1 young (4096K), 1 survivors (4096K)
 Metaspace       used 8172K, committed 8384K, reserved 1114112K
  class space    used 1056K, committed 1152K, reserved 1048576K
}
Event: 3,283 GC heap before
{Heap before GC invocations=52 (full 0):
 garbage-first heap   total reserved 8204288K, committed 782336K, used 502115K [0x000000060b400000, 0x0000000800000000)
  region size 4096K, 13 young (53248K), 1 survivors (4096K)
 Metaspace       used 8173K, committed 8384K, reserved 1114112K
  class space    used 1056K, committed 1152K, reserved 1048576K
}
Event: 3,284 GC heap after
{Heap after GC invocations=53 (full 0):
 garbage-first heap   total reserved 8204288K, committed 782336K, used 457072K [0x000000060b400000, 0x0000000800000000)
  region size 4096K, 1 young (4096K), 1 survivors (4096K)
 Metaspace       used 8173K, committed 8384K, reserved 1114112K
  class space    used 1056K, committed 1152K, reserved 1048576K
}
Event: 3,307 GC heap before
{Heap before GC invocations=54 (full 0):
 garbage-first heap   total reserved 8204288K, committed 782336K, used 498032K [0x000000060b400000, 0x0000000800000000)
  region size 4096K, 11 young (45056K), 1 survivors (4096K)
 Metaspace       used 8173K, committed 8384K, reserved 1114112K
  class space    used 1056K, committed 1152K, reserved 1048576K
}
Event: 3,308 GC heap after
{Heap after GC invocations=55 (full 0):
 garbage-first heap   total reserved 8204288K, committed 782336K, used 461192K [0x000000060b400000, 0x0000000800000000)
  region size 4096K, 1 young (4096K), 1 survivors (4096K)
 Metaspace       used 8173K, committed 8384K, reserved 1114112K
  class space    used 1056K, committed 1152K, reserved 1048576K
}
Event: 3,334 GC heap before
{Heap before GC invocations=56 (full 0):
 garbage-first heap   total reserved 8204288K, committed 786432K, used 510344K [0x000000060b400000, 0x0000000800000000)
  region size 4096K, 13 young (53248K), 1 survivors (4096K)
 Metaspace       used 8175K, committed 8384K, reserved 1114112K
  class space    used 1056K, committed 1152K, reserved 1048576K
}
Event: 3,335 GC heap after
{Heap after GC invocations=57 (full 0):
 garbage-first heap   total reserved 8204288K, committed 786432K, used 465299K [0x000000060b400000, 0x0000000800000000)
  region size 4096K, 1 young (4096K), 1 survivors (4096K)
 Metaspace       used 8175K, committed 8384K, reserved 1114112K
  class space    used 1056K, committed 1152K, reserved 1048576K
}
Event: 3,360 GC heap before
{Heap before GC invocations=58 (full 0):
 garbage-first heap   total reserved 8204288K, committed 794624K, used 510355K [0x000000060b400000, 0x0000000800000000)
  region size 4096K, 12 young (49152K), 1 survivors (4096K)
 Metaspace       used 8181K, committed 8384K, reserved 1114112K
  class space    used 1056K, committed 1152K, reserved 1048576K
}
Event: 3,361 GC heap after
{Heap after GC invocations=59 (full 0):
 garbage-first heap   total reserved 8204288K, committed 794624K, used 469411K [0x000000060b400000, 0x0000000800000000)
  region size 4096K, 1 young (4096K), 1 survivors (4096K)
 Metaspace       used 8181K, committed 8384K, reserved 1114112K
  class space    used 1056K, committed 1152K, reserved 1048576K
}
Event: 3,385 GC heap before
{Heap before GC invocations=60 (full 0):
 garbage-first heap   total reserved 8204288K, committed 798720K, used 510371K [0x000000060b400000, 0x0000000800000000)
  region size 4096K, 11 young (45056K), 1 survivors (4096K)
 Metaspace       used 8189K, committed 8384K, reserved 1114112K
  class space    used 1056K, committed 1152K, reserved 1048576K
}
Event: 3,386 GC heap after
{Heap after GC invocations=61 (full 0):
 garbage-first heap   total reserved 8204288K, committed 798720K, used 473528K [0x000000060b400000, 0x0000000800000000)
  region size 4096K, 1 young (4096K), 1 survivors (4096K)
 Metaspace       used 8189K, committed 8384K, reserved 1114112K
  class space    used 1056K, committed 1152K, reserved 1048576K
}
Event: 3,410 GC heap before
{Heap before GC invocations=62 (full 0):
 garbage-first heap   total reserved 8204288K, committed 806912K, used 518584K [0x000000060b400000, 0x0000000800000000)
  region size 4096K, 12 young (49152K), 1 survivors (4096K)
 Metaspace       used 8195K, committed 8448K, reserved 1114112K
  class space    used 1056K, committed 1152K, reserved 1048576K
}
Event: 3,413 GC heap after
{Heap after GC invocations=63 (full 0):
 garbage-first heap   total reserved 8204288K, committed 1482752K, used 477642K [0x000000060b400000, 0x0000000800000000)
  region size 4096K, 1 young (4096K), 1 survivors (4096K)
 Metaspace       used 8195K, committed 8448K, reserved 1114112K
  class space    used 1056K, committed 1152K, reserved 1048576K
}
Event: 3,640 GC heap before
{Heap before GC invocations=63 (full 0):
 garbage-first heap   total reserved 8204288K, committed 1482752K, used 1407434K [0x000000060b400000, 0x0000000800000000)
  region size 4096K, 217 young (888832K), 1 survivors (4096K)
 Metaspace       used 8230K, committed 8448K, reserved 1114112K
  class space    used 1056K, committed 1152K, reserved 1048576K
}
Event: 3,642 GC heap after
{Heap after GC invocations=64 (full 0):
 garbage-first heap   total reserved 8204288K, committed 1482752K, used 526864K [0x000000060b400000, 0x0000000800000000)
  region size 4096K, 1 young (4096K), 1 survivors (4096K)
 Metaspace       used 8230K, committed 8448K, reserved 1114112K
  class space    used 1056K, committed 1152K, reserved 1048576K
}
Event: 3,870 GC heap before
{Heap before GC invocations=64 (full 0):
 garbage-first heap   total reserved 8204288K, committed 1482752K, used 1120784K [0x000000060b400000, 0x0000000800000000)
  region size 4096K, 136 young (557056K), 1 survivors (4096K)
 Metaspace       used 8290K, committed 8512K, reserved 1114112K
  class space    used 1056K, committed 1152K, reserved 1048576K
}
Event: 3,871 GC heap after
{Heap after GC invocations=65 (full 0):
 garbage-first heap   total reserved 8204288K, committed 1482752K, used 563836K [0x000000060b400000, 0x0000000800000000)
  region size 4096K, 1 young (4096K), 1 survivors (4096K)
 Metaspace       used 8290K, committed 8512K, reserved 1114112K
  class space    used 1056K, committed 1152K, reserved 1048576K
}

